<?xml version="1.0" encoding="UTF-8" ?>
<testsuite failures="0" time="6.338" errors="0" skipped="0" tests="16" name="joel.lajoiecorriveau.lootgen.TestService">
  <properties>
    <property name="idea.version" value="14.1.3"/>
    <property name="java.runtime.name" value="Java(TM) SE Runtime Environment"/>
    <property name="sun.boot.library.path" value="C:\Program Files\Java\jdk1.7.0_79\jre\bin"/>
    <property name="java.vm.version" value="24.79-b02"/>
    <property name="java.vm.vendor" value="Oracle Corporation"/>
    <property name="java.vendor.url" value="http://java.oracle.com/"/>
    <property name="path.separator" value=";"/>
    <property name="guice.disable.misplaced.annotation.check" value="true"/>
    <property name="java.vm.name" value="Java HotSpot(TM) 64-Bit Server VM"/>
    <property name="file.encoding.pkg" value="sun.io"/>
    <property name="idea.launcher.port" value="7532"/>
    <property name="user.script" value=""/>
    <property name="user.country" value="CA"/>
    <property name="sun.java.launcher" value="SUN_STANDARD"/>
    <property name="sun.os.patch.level" value="Service Pack 1"/>
    <property name="java.vm.specification.name" value="Java Virtual Machine Specification"/>
    <property name="user.dir" value="I:\School\Technologie Mobiles\LootGen Server Side\LootGenCommons"/>
    <property name="java.runtime.version" value="1.7.0_79-b15"/>
    <property name="java.awt.graphicsenv" value="sun.awt.Win32GraphicsEnvironment"/>
    <property name="java.endorsed.dirs" value="C:\Program Files\Java\jdk1.7.0_79\jre\lib\endorsed"/>
    <property name="os.arch" value="amd64"/>
    <property name="java.io.tmpdir" value="C:\Temp\"/>
    <property name="line.separator" value="
"/>
    <property name="java.vm.specification.vendor" value="Oracle Corporation"/>
    <property name="user.variant" value=""/>
    <property name="os.name" value="Windows 7"/>
    <property name="classworlds.conf" value="C:\Program Files (x86)\JetBrains\IntelliJ IDEA Community Edition 14.1.3\plugins\maven\lib\maven3\bin\m2.conf"/>
    <property name="sun.jnu.encoding" value="Cp1252"/>
    <property name="java.library.path" value="C:\Program Files\Java\jdk1.7.0_79\bin;C:\Windows\Sun\Java\bin;C:\Windows\system32;C:\Windows;C:\ProgramData\Oracle\Java\javapath;C:\EasyPHP\binaries\php\php_runningversion;C:\Program Files (x86)\EasyPHP-DevServer-14.1VC11\binaries\php\php_runningversion;C:\Program Files\Common Files\Microsoft Shared\Windows Live;C:\Program Files (x86)\Common Files\Microsoft Shared\Windows Live;C:\Windows\system32;C:\Windows;C:\Windows\System32\Wbem;C:\Windows\System32\WindowsPowerShell\v1.0\;C:\Program Files (x86)\Windows Live\Shared;C:\Program Files (x86)\QuickTime\QTSystem\;C:\Program Files\TortoiseGit\bin;C:\Program Files\TortoiseSVN\bin;C:\Windows\System32\WindowsPowerShell\v1.0\;C:\Program Files\Microsoft SQL Server\110\Tools\Binn\;C:\Program Files (x86)\Microsoft SQL Server\110\Tools\Binn\;C:\Program Files\Microsoft SQL Server\110\DTS\Binn\;C:\Program Files (x86)\Microsoft SQL Server\110\Tools\Binn\ManagementStudio\;C:\Program Files (x86)\Microsoft Visual Studio 10.0\Common7\IDE\PrivateAssemblies\;C:\Program Files (x86)\Microsoft SQL Server\110\DTS\Binn\;C:\Program Files (x86)\Windows Kits\8.1\Windows Performance Toolkit\;C:\Program Files (x86)\Microsoft SDKs\TypeScript\1.0\;C:\Program Files\Microsoft SQL Server\120\Tools\Binn\;C:\Program Files\Microsoft\Web Platform Installer\;C:\Program Files (x86)\Microsoft SDKs\Azure\CLI\wbin;C:\Program Files (x86)\Brackets\command;C:\Program Files (x86)\Microsoft SQL Server\120\Tools\Binn\ManagementStudio\;C:\Program Files (x86)\Microsoft SQL Server\120\Tools\Binn\;C:\Program Files (x86)\Microsoft Visual Studio 12.0\Common7\IDE\PrivateAssemblies\;C:\Program Files (x86)\Microsoft SQL Server\120\DTS\Binn\;."/>
    <property name="java.specification.name" value="Java Platform API Specification"/>
    <property name="java.class.version" value="51.0"/>
    <property name="sun.management.compiler" value="HotSpot 64-Bit Tiered Compilers"/>
    <property name="os.version" value="6.1"/>
    <property name="user.home" value="C:\Users\1387434"/>
    <property name="user.timezone" value="America/New_York"/>
    <property name="java.awt.printerjob" value="sun.awt.windows.WPrinterJob"/>
    <property name="java.specification.version" value="1.7"/>
    <property name="idea.launcher.bin.path" value="C:\Program Files (x86)\JetBrains\IntelliJ IDEA Community Edition 14.1.3\bin"/>
    <property name="file.encoding" value="UTF-8"/>
    <property name="user.name" value="1387434"/>
    <property name="java.class.path" value="C:\Program Files (x86)\JetBrains\IntelliJ IDEA Community Edition 14.1.3\plugins\maven\lib\maven3\boot\plexus-classworlds-2.4.jar;C:\Program Files (x86)\JetBrains\IntelliJ IDEA Community Edition 14.1.3\lib\idea_rt.jar"/>
    <property name="java.vm.specification.version" value="1.7"/>
    <property name="sun.arch.data.model" value="64"/>
    <property name="java.home" value="C:\Program Files\Java\jdk1.7.0_79\jre"/>
    <property name="sun.java.command" value="com.intellij.rt.execution.application.AppMain org.codehaus.classworlds.Launcher -Didea.version=14.1.3 clean install"/>
    <property name="java.specification.vendor" value="Oracle Corporation"/>
    <property name="user.language" value="fr"/>
    <property name="awt.toolkit" value="sun.awt.windows.WToolkit"/>
    <property name="java.vm.info" value="mixed mode"/>
    <property name="java.version" value="1.7.0_79"/>
    <property name="java.ext.dirs" value="C:\Program Files\Java\jdk1.7.0_79\jre\lib\ext;C:\Windows\Sun\Java\lib\ext"/>
    <property name="sun.boot.class.path" value="C:\Program Files\Java\jdk1.7.0_79\jre\lib\resources.jar;C:\Program Files\Java\jdk1.7.0_79\jre\lib\rt.jar;C:\Program Files\Java\jdk1.7.0_79\jre\lib\sunrsasign.jar;C:\Program Files\Java\jdk1.7.0_79\jre\lib\jsse.jar;C:\Program Files\Java\jdk1.7.0_79\jre\lib\jce.jar;C:\Program Files\Java\jdk1.7.0_79\jre\lib\charsets.jar;C:\Program Files\Java\jdk1.7.0_79\jre\lib\jfr.jar;C:\Program Files\Java\jdk1.7.0_79\jre\classes"/>
    <property name="java.vendor" value="Oracle Corporation"/>
    <property name="maven.home" value="C:\Program Files (x86)\JetBrains\IntelliJ IDEA Community Edition 14.1.3\plugins\maven\lib\maven3"/>
    <property name="file.separator" value="\"/>
    <property name="java.vendor.url.bug" value="http://bugreport.sun.com/bugreport/"/>
    <property name="sun.cpu.endian" value="little"/>
    <property name="sun.io.unicode.encoding" value="UnicodeLittle"/>
    <property name="sun.desktop" value="windows"/>
    <property name="sun.cpu.isalist" value="amd64"/>
  </properties>
  <testcase time="0.15" classname="joel.lajoiecorriveau.lootgen.TestService" name="testMultipleSaveAndGetAll2User"/>
  <testcase time="0.037" classname="joel.lajoiecorriveau.lootgen.TestService" name="testDeleteOne2User"/>
  <testcase time="0.738" classname="joel.lajoiecorriveau.lootgen.TestService" name="testDeleteALLUser"/>
  <testcase time="0.816" classname="joel.lajoiecorriveau.lootgen.TestService" name="testAuthentifyUser"/>
  <testcase time="1.404" classname="joel.lajoiecorriveau.lootgen.TestService" name="testGetUserByIDNoExist"/>
  <testcase time="0.034" classname="joel.lajoiecorriveau.lootgen.TestService" name="testGetByIDItem"/>
  <testcase time="0.031" classname="joel.lajoiecorriveau.lootgen.TestService" name="testSaveItemPool"/>
  <testcase time="0.651" classname="joel.lajoiecorriveau.lootgen.TestService" name="testGetItemPoolByID"/>
  <testcase time="0.865" classname="joel.lajoiecorriveau.lootgen.TestService" name="testLootGeneration"/>
  <testcase time="0.036" classname="joel.lajoiecorriveau.lootgen.TestService" name="testSaveAndGetAllUser"/>
  <testcase time="0.056" classname="joel.lajoiecorriveau.lootgen.TestService" name="testCreateUser"/>
  <testcase time="0.036" classname="joel.lajoiecorriveau.lootgen.TestService" name="testSaveUserWithExceptions"/>
  <testcase time="1.389" classname="joel.lajoiecorriveau.lootgen.TestService" name="testMultipleSaveAndGetAllUser"/>
  <testcase time="0.033" classname="joel.lajoiecorriveau.lootgen.TestService" name="testGetByIDUser"/>
  <testcase time="0.03" classname="joel.lajoiecorriveau.lootgen.TestService" name="testDeleteOneUser"/>
  <testcase time="0.028" classname="joel.lajoiecorriveau.lootgen.TestService" name="testSaveItem"/>
</testsuite>